=== Simulation Started at 2026-05-28 22:39:28 ===
[22:39:28] Simulation initialized. Forest opened, worms spawned.
[22:41:01] 👶 BIRTH: Blinky (spots) & Stripa (spots) had a baby named male in spots colony.
[22:41:01] 👶 BIRTH: Glowy (stripes) & Vicky (stripes) had a baby named female in stripes colony.
[22:41:01] Glowy ate from castle storage (2m digestion cooldown started).
[22:41:03] 👶 BIRTH: Munchy (spots) & Stripa (spots) had a baby named male in spots colony.
[22:41:03] 🍼 RESCUE: Munchy picked up infant Ranger II to carry them to safety.
[22:41:07] Stripa ate a wild mushroom (2m digestion cooldown started).
[22:41:07] 💀 DEATH: Blinky of spots died of Combat defeat by Glowy.
[22:41:07] ⚔️ COMBAT: Glowy (stripes) defeated and killed Blinky (spots)
[22:41:08] 👶 BIRTH: Glowy (stripes) & Mimi (stripes) had a baby named female in stripes colony.
[22:41:08] 🍼 RESCUE: Glowy picked up infant Dotty II to carry them to safety.
[22:41:09] 🏠 SAFE: Glowy safely delivered infant Dotty II to the castle.
[22:41:09] Glowy ate from castle storage (2m digestion cooldown started).
[22:41:25] 🏠 SAFE: Munchy safely delivered infant Ranger II to the castle.
[22:41:30] 💀 DEATH: Glowy of stripes died of Combat defeat by Munchy.
[22:41:30] ⚔️ COMBAT: Munchy (spots) defeated and killed Glowy (stripes)
[22:41:32] 🌌 NIGHTFALL: Night has begun. Returning to base. Danger level: CRITICAL.
[22:41:32] Vicky ate from castle storage (2m digestion cooldown started).
[22:41:32] Mimi ate from castle storage (2m digestion cooldown started).
[22:41:34] 👶 BIRTH: Glowy (stripes) & Mimi (stripes) had a baby named female in stripes colony.
[22:41:37] 🧟 INVASION: Zombies have entered the maze!
[22:41:37] 👶 BIRTH: Munchy (spots) & Stripa (spots) had a baby named female in spots colony.
[22:42:33] 🌅 DAWN: Morning has arrived. Zombies have turned to dust. Begin your day.
[22:42:34] 👶 BIRTH: Swift II (spots) & Stripa (spots) had a baby named male in spots colony.
[22:42:34] Vicky stored 1 food in the stripes castle.
[22:42:40] 👶 BIRTH: Ranger II (spots) & Tina II (stripes) had a baby named male in stripes colony.
[22:42:40] 🍼 RESCUE: Tina II picked up infant Hunter III to carry them to safety.
[22:42:41] Tina II ate from castle storage (2m digestion cooldown started).
[22:42:42] ⚠️ THIEVERY: Ranger II stole food from the stripes castle!
[22:42:47] Munchy ate from castle storage (2m digestion cooldown started).
[22:42:47] ⚠️ THIEVERY: Vicky stole food from the spots castle!
[22:42:47] ⚠️ THIEVERY: Dotty II stole food from the spots castle!
[22:42:49] Ranger II stored 1 food in the spots castle.
[22:42:49] Ranger II ate from castle storage (2m digestion cooldown started).
[22:42:54] Vicky stored 1 food in the stripes castle.
[22:42:54] Dotty II stored 1 food in the stripes castle.
[22:42:57] 👶 BIRTH: Swift II (spots) & Dotty II (stripes) had a baby named female in spots colony.
[22:42:57] 🍼 RESCUE: Swift II picked up infant Bella III to carry them to safety.
[22:43:00] 🏠 SAFE: Swift II safely delivered infant Bella III to the castle.
[22:43:01] 💀 DEATH: Glowy of stripes died of Combat defeat by Ranger II.
[22:43:01] ⚔️ COMBAT: Ranger II (spots) defeated and killed Glowy (stripes)
[22:43:10] 👶 BIRTH: Ranger II (spots) & Zelda II (stripes) had a baby named female in stripes colony.
[22:43:10] 💀 DEATH: Munchy of spots died of Killed by protecting parent Zelda II.
[22:43:10] 🛡️ PROTECT: Parent Zelda II defended baby Mimi III & killed intruder Munchy!
[22:43:10] 🍼 RESCUE: Vicky picked up infant Mimi III to carry them to safety.
[22:43:14] Swift II ate a wild mushroom (2m digestion cooldown started).
[22:43:22] Stripa ate a wild mushroom (2m digestion cooldown started).
[22:43:28] 💩 DROP: Stripa dropped a mushroom in the forest for worms.
[22:43:29] 🪱 HUNT: Stripa caught a worm and is bringing it back.
[22:43:31] ⚠️ THIEVERY: Dotty II stole food from the spots castle!
[22:43:31] ⚠️ THIEVERY: Mimi stole food from the spots castle!
[22:43:38] Dotty II stored 1 food in the stripes castle.
[22:43:38] Dotty II ate from castle storage (2m digestion cooldown started).
[22:43:38] Mimi stored 1 food in the stripes castle.
[22:43:38] Mimi ate from castle storage (2m digestion cooldown started).
[22:43:38] 🪱 STORE: Stripa delivered a worm to the spots castle reserves.
[22:43:41] Stripa ate a wild mushroom (2m digestion cooldown started).
[22:43:43] 💩 DROP: Mimi dropped a mushroom in the forest for worms.
[22:43:44] 🧬 REJUVENATION: Mimi ate a wild worm (5m digestion cooldown started).
[22:43:48] 🪱 FEED: A worm ate a dropped mushroom at (28, 11).
[22:43:50] Zelda II ate from castle storage (2m digestion cooldown started).
[22:43:50] 🍼 RESCUE: Zelda II picked up infant Mimi to carry them to safety.
[22:44:00] ⚠️ THIEVERY: Dotty II stole food from the spots castle!
[22:44:07] Dotty II stored 1 food in the stripes castle.
[22:44:07] ⚠️ THIEVERY: Penny II stole food from the stripes castle!
[22:44:11] 👶 BIRTH: Hunter III (stripes) & Tina II (stripes) had a baby named male in stripes colony.
[22:44:11] 🍼 RESCUE: Hunter III picked up infant Munchy IV to carry them to safety.
[22:44:14] Penny II stored 1 food in the spots castle.
[22:44:18] 👶 BIRTH: Swift III (spots) & Vicky (stripes) had a baby named male in spots colony.
[22:44:18] 🍼 RESCUE: Swift III picked up infant Paczo IV to carry them to safety.
[22:44:19] 🏠 SAFE: Swift III safely delivered infant Paczo IV to the castle.
[22:44:19] Stripa stored 1 food in the spots castle.
[22:44:20] 🧬 REJUVENATION: Stripa ate a stored worm from castle reserves (5m digestion cooldown started).
[22:44:23] 💀 DEATH: Hunter III of stripes died of Combat defeat by Swift II.
[22:44:23] ⚔️ COMBAT: Swift II (spots) defeated and killed Hunter III (stripes)
[22:44:23] 💀 DEATH: Swift II of spots died of Killed by protecting parent Tina II.
[22:44:23] 🛡️ PROTECT: Parent Tina II defended baby Munchy IV & killed intruder Swift II!
[22:44:23] 🍼 RESCUE: Tina II picked up infant Munchy IV to carry them to safety.
[22:44:24] Vicky ate from castle storage (2m digestion cooldown started).
[22:44:30] 💩 DROP: Vicky dropped a mushroom in the forest for worms.
[22:44:32] Stripa stored 1 food in the spots castle.
[22:44:33] 🧬 REJUVENATION: Vicky ate a wild worm (5m digestion cooldown started).
[22:44:35] 🌌 NIGHTFALL: Night has begun. Returning to base. Danger level: CRITICAL.
[22:44:37] 🏠 SAFE: Tina II safely delivered infant Munchy IV to the castle.
[22:44:37] 🏠 SAFE: Zelda II safely delivered infant Mimi to the castle.
[22:44:39] 👶 BIRTH: Swift III (spots) & Penny II (spots) had a baby named male in spots colony.
[22:44:39] 🍼 RESCUE: Stripa picked up infant Pako IV to carry them to safety.
[22:44:39] 🏠 SAFE: Vicky safely delivered infant Mimi III to the castle.
[22:44:40] 🧟 INVASION: Zombies have entered the maze!
[22:44:41] 🏠 SAFE: Stripa safely delivered infant Pako IV to the castle.
[22:44:52] Tina II ate from castle storage (2m digestion cooldown started).
[22:45:39] 🌅 DAWN: Morning has arrived. Zombies have turned to dust. Begin your day.
[22:45:43] Mimi III stored 1 food in the stripes castle.
[22:45:44] 💩 DROP: Tina II dropped a mushroom in the forest for worms.
[22:45:46] 🪱 HUNT: Tina II caught a worm and is bringing it back.
[22:45:48] Swift III ate a wild mushroom (2m digestion cooldown started).
[22:45:51] 🪱 STORE: Tina II delivered a worm to the stripes castle reserves.
[22:45:52] Tina II stored 1 food in the stripes castle.
[22:45:52] Swift III stored 1 food in the spots castle.
[22:45:54] 👶 BIRTH: Paczo IV (spots) & Dotty II (stripes) had a baby named male in stripes colony.
[22:45:54] 🍼 RESCUE: Vicky picked up infant Pako V to carry them to safety.
[22:45:54] Penny II ate from castle storage (2m digestion cooldown started).
[22:45:54] 💀 DEATH: Swift III of spots died of Combat defeat by Munchy IV.
[22:45:54] ⚔️ COMBAT: Munchy IV (stripes) defeated and killed Swift III (spots)
[22:45:55] ⚠️ THIEVERY: Mimi stole food from the spots castle!
[22:45:55] ⚠️ THIEVERY: Mimi III stole food from the spots castle!
[22:45:56] 💀 DEATH: Munchy IV of stripes died of Combat defeat by Ranger II.
[22:45:56] ⚔️ COMBAT: Ranger II (spots) defeated and killed Munchy IV (stripes)
[22:45:59] Stripa stored 1 food in the spots castle.
[22:46:02] Mimi stored 1 food in the stripes castle.
[22:46:02] Mimi III stored 1 food in the stripes castle.
[22:46:03] ⚠️ THIEVERY: Zelda II stole food from the spots castle!
[22:46:04] ⚠️ THIEVERY: Tina II stole food from the spots castle!
[22:46:05] ⚠️ THIEVERY: Dotty II stole food from the spots castle!
[22:46:10] Zelda II stored 1 food in the stripes castle.
[22:46:11] ⚠️ THIEVERY: Mimi III stole food from the spots castle!
[22:46:12] Tina II stored 1 food in the stripes castle.
[22:46:12] Dotty II stored 1 food in the stripes castle.
[22:46:12] 🧬 REJUVENATION: Dotty II ate a stored worm from castle reserves (5m digestion cooldown started).
[22:46:15] 👶 BIRTH: Paczo IV (spots) & Bella III (spots) had a baby named female in spots colony.
[22:46:16] 👶 BIRTH: Pako IV (spots) & Zelda II (stripes) had a baby named male in stripes colony.
[22:46:16] 🍼 RESCUE: Zelda II picked up infant Bitey V to carry them to safety.
[22:46:18] Mimi III stored 1 food in the stripes castle.
[22:46:22] Zelda II ate from castle storage (2m digestion cooldown started).
[22:46:23] ⚠️ THIEVERY: Stripa stole food from the stripes castle!
[22:46:23] ⚠️ THIEVERY: Pako IV stole food from the stripes castle!
[22:46:23] ⚠️ THIEVERY: Penny II stole food from the stripes castle!
[22:46:28] 💩 DROP: Zelda II dropped a mushroom in the forest for worms.
[22:46:29] ⚠️ THIEVERY: Dotty II stole food from the spots castle!
[22:46:29] ⚠️ THIEVERY: Tina II stole food from the spots castle!
[22:46:30] ⚠️ THIEVERY: Mimi stole food from the spots castle!
[22:46:30] Stripa stored 1 food in the spots castle.
[22:46:30] Pako IV stored 1 food in the spots castle.
[22:46:30] Pako IV ate from castle storage (2m digestion cooldown started).
[22:46:30] Penny II stored 1 food in the spots castle.
[22:46:31] ⚠️ THIEVERY: Mimi III stole food from the spots castle!
[22:46:31] 🪱 HUNT: Bitey V caught a worm and is bringing it back.
[22:46:33] 🧬 REJUVENATION: Zelda II ate a wild worm (5m digestion cooldown started).
[22:46:37] Dotty II stored 1 food in the stripes castle.
[22:46:37] Tina II stored 1 food in the stripes castle.
[22:46:37] Mimi stored 1 food in the stripes castle.
[22:46:38] Mimi III stored 1 food in the stripes castle.
[22:46:40] Zelda II stored 1 food in the stripes castle.
[22:46:44] 👶 BIRTH: Pako IV (spots) & Mimi III (stripes) had a baby named female in spots colony.
[22:46:44] 🍼 RESCUE: Stripa picked up infant Bella V to carry them to safety.
[22:46:48] ⚠️ THIEVERY: Mimi stole food from the spots castle!
[22:46:48] ⚠️ THIEVERY: Dotty II stole food from the spots castle!
[22:46:55] Mimi stored 1 food in the stripes castle.
[22:46:55] Dotty II stored 1 food in the stripes castle.
[22:47:30] 💀 DEATH: Pako V of stripes died of Combat defeat by Ranger II.
[22:47:30] ⚔️ COMBAT: Ranger II (spots) defeated and killed Pako V (stripes)
[22:47:32] Rosy V stored 1 food in the spots castle.
[22:47:36] Pako IV stored 1 food in the spots castle.
[22:47:41] Pako IV stored 1 food in the spots castle.
[22:47:47] 🌌 NIGHTFALL: Night has begun. Returning to base. Danger level: CRITICAL.
[22:47:48] 🏠 SAFE: Zelda II safely delivered infant Bitey V to the castle.
[22:47:48] 🏠 SAFE: Stripa safely delivered infant Bella V to the castle.
[22:47:50] 🪱 STORE: Bitey V delivered a worm to the stripes castle reserves.
[22:47:52] 🧟 INVASION: Zombies have entered the maze!
[22:47:54] 🧬 REJUVENATION: Mimi III ate a stored worm from castle reserves (5m digestion cooldown started).
[22:47:54] 🍼 RESCUE: Vicky picked up infant Mimi III to carry them to safety.
[22:47:54] 🏠 SAFE: Vicky safely delivered infant Mimi III to the castle.
[22:47:55] 👶 BIRTH: Bitey V (stripes) & Mimi III (stripes) had a baby named male in stripes colony.
[22:48:51] 🌅 DAWN: Morning has arrived. Zombies have turned to dust. Begin your day.
[22:48:52] Bitey V ate from castle storage (2m digestion cooldown started).
[22:48:52] Mimi III ate a wild mushroom (2m digestion cooldown started).
[22:48:58] Mimi III stored 1 food in the stripes castle.
[22:48:59] 💀 DEATH: Bitey V of stripes died of Combat defeat by Pako IV.
[22:48:59] ⚔️ COMBAT: Pako IV (spots) defeated and killed Bitey V (stripes)
[22:49:01] Stripa ate a wild mushroom (2m digestion cooldown started).
[22:49:13] ⚠️ THIEVERY: Mimi III stole food from the spots castle!
[22:49:20] Mimi III stored 1 food in the stripes castle.
[22:49:20] 💀 DEATH: Paczo IV of spots died of Starvation.
[22:49:36] 👶 BIRTH: Glowy VI (stripes) & Penny II (spots) had a baby named male in stripes colony.
[22:49:37] 🍼 RESCUE: Glowy VI picked up infant Clyde VII to carry them to safety.
[22:49:37] 💀 DEATH: Glowy VI of stripes died of Combat defeat by Pako IV.
[22:49:37] ⚔️ COMBAT: Pako IV (spots) defeated and killed Glowy VI (stripes)
[22:49:37] 💀 DEATH: Pako IV of spots died of Killed by protecting parent Penny II.
[22:49:37] 🛡️ PROTECT: Parent Penny II defended baby Clyde VII & killed intruder Pako IV!
[22:49:38] 💀 DEATH: Penny II of spots died of Felled protecting baby from Ranger II.
[22:49:38] 💀 DEATH: Clyde VII of stripes died of Killed by intruder Ranger II.
[22:49:38] ☠️ PROTECT FAIL: Parent Penny II fell defending baby Clyde VII against Ranger II!
[22:49:41] Stripa stored 1 food in the spots castle.
[22:49:57] ⚠️ THIEVERY: Mimi III stole food from the spots castle!
[22:50:00] Stripa ate a wild mushroom (2m digestion cooldown started).
[22:50:04] Mimi III stored 1 food in the stripes castle.
[22:50:08] 💩 DROP: Stripa dropped a mushroom in the forest for worms.
[22:50:12] 🪱 HUNT: Stripa caught a worm and is bringing it back.
[22:50:26] 🪱 STORE: Stripa delivered a worm to the spots castle reserves.
[22:50:26] Stripa stored 1 food in the spots castle.
[22:50:49] ⚠️ THIEVERY: Mimi III stole food from the spots castle!
[22:50:56] Mimi III stored 1 food in the stripes castle.
[22:50:56] 🎓 AGRARIAN ERA: The stripes species has invented Agricultural Cultivation! Gardens unlocked.
[22:50:59] 🌌 NIGHTFALL: Night has begun. Returning to base. Danger level: CRITICAL.
[22:51:04] 🧟 INVASION: Zombies have entered the maze!
[22:51:56] 💀 DEATH: Ranger II of spots died of Starvation.
[22:51:57] 🧬 REJUVENATION: Bella III ate a stored worm from castle reserves (5m digestion cooldown started).
[22:52:03] 🌅 DAWN: Morning has arrived. Zombies have turned to dust. Begin your day.
[22:52:04] Mimi III ate a wild mushroom (2m digestion cooldown started).
[22:52:09] 💩 DROP: Mimi III dropped a mushroom in the forest for worms.
[22:52:12] ⚠️ THIEVERY: Bella III stole food from the stripes castle!
[22:52:13] 🪱 HUNT: Mimi III caught a worm and is bringing it back.
[22:52:19] 🪱 STORE: Mimi III delivered a worm to the stripes castle reserves.
[22:52:19] Mimi III stored 1 food in the stripes castle.
[22:52:19] Bella III stored 1 food in the spots castle.
[22:52:24] Mimi III stored 1 food in the stripes castle.
[22:52:30] Mimi III stored 1 food in the stripes castle.
[22:52:34] Mimi III stored 1 food in the stripes castle.
[22:52:39] Mimi III stored 1 food in the stripes castle.
[22:52:41] ⚠️ THIEVERY: Bella III stole food from the stripes castle!
[22:52:45] Mimi III stored 1 food in the stripes castle.
[22:52:49] Bella III stored 1 food in the spots castle.
[22:52:53] Mimi III stored 1 food in the stripes castle.
[22:53:04] Mimi III stored 1 food in the stripes castle.
[22:53:07] Mimi III stored 1 food in the stripes castle.
[22:53:14] Mimi III stored 1 food in the stripes castle.
[22:53:19] Mimi III stored 1 food in the stripes castle.
[22:53:24] Stripa stored 1 food in the spots castle.
[22:53:26] Mimi III stored 1 food in the stripes castle.
[22:53:31] 🧬 REJUVENATION: Zelda II ate a stored worm from castle reserves (5m digestion cooldown started).
[22:53:32] Mimi III stored 1 food in the stripes castle.
[22:53:38] Mimi III stored 1 food in the stripes castle.
[22:53:43] Mimi III stored 1 food in the stripes castle.
[22:54:08] 🌌 NIGHTFALL: Night has begun. Returning to base. Danger level: CRITICAL.
[22:54:08] Dotty II ate from castle storage (2m digestion cooldown started).
[22:54:08] Tina II ate from castle storage (2m digestion cooldown started).
[22:54:13] 🧟 INVASION: Zombies have entered the maze!
[22:54:14] Bella III ate from castle storage (2m digestion cooldown started).
[22:54:54] Mimi ate from castle storage (2m digestion cooldown started).
[22:55:08] 🌅 DAWN: Morning has arrived. Zombies have turned to dust. Begin your day.
[22:55:08] 💀 DEATH: Stripa of spots died of Old Age.
[22:55:14] 💩 DROP: Dotty II dropped a mushroom in the forest for worms.
[22:55:14] Mimi III stored 1 food in the stripes castle.
[22:55:15] ⚠️ THIEVERY: Bella III stole food from the stripes castle!
[22:55:18] 🧬 REJUVENATION: Dotty II ate a wild worm (5m digestion cooldown started).
[22:55:20] Mimi III stored 1 food in the stripes castle.
[22:55:22] Bella III stored 1 food in the spots castle.
[22:55:23] Dotty II cultivated a magic mushroom near their base.
[22:55:28] Mimi III stored 1 food in the stripes castle.
[22:55:35] Mimi III stored 1 food in the stripes castle.
[22:55:42] Mimi III stored 1 food in the stripes castle.
[22:55:44] Mimi III stored 1 food in the stripes castle.
[22:55:48] Stripa ate a wild mushroom (2m digestion cooldown started).
[22:55:52] Stripa stored 1 food in the spots castle.
[22:55:59] Mimi III stored 1 food in the stripes castle.
[22:56:00] Mimi III stored 1 food in the stripes castle.
[22:56:04] Mimi III stored 1 food in the stripes castle.
[22:56:05] ⚠️ THIEVERY: Bella III stole food from the stripes castle!
[22:56:09] Mimi III stored 1 food in the stripes castle.
[22:56:12] Bella III stored 1 food in the spots castle.
[22:56:18] Mimi III stored 1 food in the stripes castle.
[22:56:26] Mimi III stored 1 food in the stripes castle.
[22:56:29] Mimi III stored 1 food in the stripes castle.
[22:56:29] ⚠️ THIEVERY: Bella III stole food from the stripes castle!
[22:56:30] Stripa stored 1 food in the spots castle.
[22:56:33] Mimi III stored 1 food in the stripes castle.
[22:56:36] Bella III stored 1 food in the spots castle.
[22:56:39] 💀 DEATH: Tina II of stripes died of Old Age.
[22:56:41] Mimi III stored 1 food in the stripes castle.
[22:56:46] Stripa stored 1 food in the spots castle.
[22:56:54] Stripa stored 1 food in the spots castle.
[22:56:55] Stripa stored 1 food in the spots castle.
[22:56:58] Mimi III stored 1 food in the stripes castle.
[22:57:09] Mimi III stored 1 food in the stripes castle.
[22:57:10] 🌌 NIGHTFALL: Night has begun. Returning to base. Danger level: CRITICAL.
[22:57:10] Rosy V ate from castle storage (2m digestion cooldown started).
[22:57:10] Bella V ate from castle storage (2m digestion cooldown started).
[22:57:15] 🧟 INVASION: Zombies have entered the maze!
[22:58:10] 🌅 DAWN: Morning has arrived. Zombies have turned to dust. Begin your day.
[22:58:10] 💀 DEATH: Stripa of spots died of Old Age.
[22:58:10] 💀 DEATH: Vicky of stripes died of Old Age.
[22:58:10] 💀 DEATH: Mimi of stripes died of Old Age.
[22:58:26] Mimi III stored 1 food in the stripes castle.
[22:58:35] ⚠️ THIEVERY: Bella III stole food from the stripes castle!
[22:58:42] Bella III stored 1 food in the spots castle.
[22:58:57] Mimi III ate a wild mushroom (2m digestion cooldown started).
[22:59:04] Mimi III stored 1 food in the stripes castle.
[22:59:05] ⚠️ THIEVERY: Bella III stole food from the stripes castle!
[22:59:13] Bella III stored 1 food in the spots castle.
[22:59:25] Mimi III stored 1 food in the stripes castle.
[22:59:25] ⚠️ THIEVERY: Bella III stole food from the stripes castle!
[22:59:32] Bella III stored 1 food in the spots castle.
[22:59:33] ⚠️ THIEVERY: Mimi III stole food from the spots castle!
[22:59:40] Mimi III stored 1 food in the stripes castle.
[23:00:12] 🌌 NIGHTFALL: Night has begun. Returning to base. Danger level: CRITICAL.
[23:00:17] 🧟 INVASION: Zombies have entered the maze!
[23:01:12] 🌅 DAWN: Morning has arrived. Zombies have turned to dust. Begin your day.
[23:01:22] Rosy V stored 1 food in the spots castle.
[23:01:36] Rosy V stored 1 food in the spots castle.
[23:01:37] 💀 DEATH: Bella III of spots died of Old Age.
[23:01:44] Bella V stored 1 food in the spots castle.
[23:01:47] 💀 DEATH: Rosy V of spots died of Old Age.
[23:01:50] 💀 DEATH: Mimi III of stripes died of Old Age.
[23:02:14] 💀 DEATH: Bella V of spots died of Old Age.
[23:02:51] 💀 DEATH: Dotty II of stripes died of Old Age.
[23:03:14] 🌌 NIGHTFALL: Night has begun. Returning to base. Danger level: CRITICAL.
[23:03:17] 💀 DEATH: Zelda II of stripes died of Old Age.
[23:03:19] 🧟 INVASION: Zombies have entered the maze!
